#
# There is insufficient memory for the Java Runtime Environment to continue.
# Native memory allocation (mmap) failed to map 715849728 bytes for committing reserved memory.
# Possible reasons:
#   The system is out of physical RAM or swap space
#   In 32 bit mode, the process size limit was hit
# Possible solutions:
#   Reduce memory load on the system
#   Increase physical memory or swap space
#   Check if swap backing store is full
#   Use 64 bit Java on a 64 bit OS
#   Decrease Java heap size (-Xmx/-Xms)
#   Decrease number of Java threads
#   Decrease Java thread stack sizes (-Xss)
#   Set larger code cache with -XX:ReservedCodeCacheSize=
# This output file may be truncated or incomplete.
#
#  Out of Memory Error (os_linux.cpp:2627), pid=3068, tid=139828408772352
#
# JRE version:  (8.0_72-b15) (build )
# Java VM: Java HotSpot(TM) 64-Bit Server VM (25.72-b15 mixed mode linux-amd64 compressed oops)
# Failed to write core dump. Core dumps have been disabled. To enable core dumping, try "ulimit -c unlimited" before starting Java again
#

---------------  T H R E A D  ---------------

Current thread (0x00007f2c5000a000):  JavaThread "Unknown thread" [_thread_in_vm, id=3089, stack(0x00007f2c56926000,0x00007f2c56a27000)]

Stack: [0x00007f2c56926000,0x00007f2c56a27000],  sp=0x00007f2c56a25300,  free space=1020k
Native frames: (J=compiled Java code, j=interpreted, Vv=VM code, C=native code)
V  [libjvm.so+0xaba7ea]  VMError::report_and_die()+0x2ba
V  [libjvm.so+0x4f9e3b]  report_vm_out_of_memory(char const*, int, unsigned long, VMErrorType, char const*)+0x8b
V  [libjvm.so+0x91b613]  os::Linux::commit_memory_impl(char*, unsigned long, bool)+0x103
V  [libjvm.so+0x91bb69]  os::pd_commit_memory(char*, unsigned long, unsigned long, bool)+0x29
V  [libjvm.so+0x915e6a]  os::commit_memory(char*, unsigned long, unsigned long, bool)+0x2a
V  [libjvm.so+0xab6549]  VirtualSpace::expand_by(unsigned long, bool)+0x199
V  [libjvm.so+0xab709e]  VirtualSpace::initialize(ReservedSpace, unsigned long)+0xee
V  [libjvm.so+0x5f72b1]  CardGeneration::CardGeneration(ReservedSpace, unsigned long, int, GenRemSet*)+0xf1
V  [libjvm.so+0xa5e00f]  TenuredGeneration::TenuredGeneration(ReservedSpace, unsigned long, int, GenRemSet*)+0x5f
V  [libjvm.so+0x5f85b9]  GenerationSpec::init(ReservedSpace, int, GenRemSet*)+0x339
V  [libjvm.so+0x5e705e]  GenCollectedHeap::initialize()+0x1de
V  [libjvm.so+0xa8301b]  Universe::initialize_heap()+0xfb
V  [libjvm.so+0xa8338e]  universe_init()+0x3e
V  [libjvm.so+0x6392c5]  init_globals()+0x65
V  [libjvm.so+0xa6758e]  Threads::create_vm(JavaVMInitArgs*, bool*)+0x23e
V  [libjvm.so+0x6cd7e4]  JNI_CreateJavaVM+0x74
C  [libjli.so+0x745e]  JavaMain+0x9e
C  [libpthread.so.0+0x8182]  start_thread+0xc2


---------------  P R O C E S S  ---------------

Java Threads: ( => current thread )

Other Threads:

=>0x00007f2c5000a000 (exited) JavaThread "Unknown thread" [_thread_in_vm, id=3089, stack(0x00007f2c56926000,0x00007f2c56a27000)]

VM state:not at safepoint (not fully initialized)

VM Mutex/Monitor currently owned by a thread: None

GC Heap History (0 events):
No events

Deoptimization events (0 events):
No events

Internal exceptions (0 events):
No events

Events (0 events):
No events


Dynamic libraries:
00400000-00401000 r-xp 00000000 08:01 1252675                            /usr/lib/jvm/java-8-oracle/jre/bin/java
00600000-00601000 rw-p 00000000 08:01 1252675                            /usr/lib/jvm/java-8-oracle/jre/bin/java
0097d000-0099e000 rw-p 00000000 00:00 0                                  [heap]
c0000000-d5550000 rw-p 00000000 00:00 0 
7f2c40187000-7f2c404b7000 rw-p 00000000 00:00 0 
7f2c404b7000-7f2c4060c000 ---p 00000000 00:00 0 
7f2c4060c000-7f2c40617000 rw-p 00000000 00:00 0 
7f2c40617000-7f2c409cd000 ---p 00000000 00:00 0 
7f2c409cd000-7f2c40c3d000 rwxp 00000000 00:00 0 
7f2c40c3d000-7f2c4f9cd000 ---p 00000000 00:00 0 
7f2c4f9cd000-7f2c4f9e7000 r-xp 00000000 08:01 1252883                    /usr/lib/jvm/java-8-oracle/jre/lib/amd64/libzip.so
7f2c4f9e7000-7f2c4fbe7000 ---p 0001a000 08:01 1252883                    /usr/lib/jvm/java-8-oracle/jre/lib/amd64/libzip.so
7f2c4fbe7000-7f2c4fbe8000 rw-p 0001a000 08:01 1252883                    /usr/lib/jvm/java-8-oracle/jre/lib/amd64/libzip.so
7f2c4fbe8000-7f2c4fbf3000 r-xp 00000000 08:01 527999                     /lib/x86_64-linux-gnu/libnss_files-2.19.so
7f2c4fbf3000-7f2c4fdf2000 ---p 0000b000 08:01 527999                     /lib/x86_64-linux-gnu/libnss_files-2.19.so
7f2c4fdf2000-7f2c4fdf3000 r--p 0000a000 08:01 527999                     /lib/x86_64-linux-gnu/libnss_files-2.19.so
7f2c4fdf3000-7f2c4fdf4000 rw-p 0000b000 08:01 527999                     /lib/x86_64-linux-gnu/libnss_files-2.19.so
7f2c4fdf4000-7f2c4fdff000 r-xp 00000000 08:01 528009                     /lib/x86_64-linux-gnu/libnss_nis-2.19.so
7f2c4fdff000-7f2c4fffe000 ---p 0000b000 08:01 528009                     /lib/x86_64-linux-gnu/libnss_nis-2.19.so
7f2c4fffe000-7f2c4ffff000 r--p 0000a000 08:01 528009                     /lib/x86_64-linux-gnu/libnss_nis-2.19.so
7f2c4ffff000-7f2c50000000 rw-p 0000b000 08:01 528009                     /lib/x86_64-linux-gnu/libnss_nis-2.19.so
7f2c50000000-7f2c50033000 rw-p 00000000 00:00 0 
7f2c50033000-7f2c54000000 ---p 00000000 00:00 0 
7f2c540ea000-7f2c54101000 r-xp 00000000 08:01 527993                     /lib/x86_64-linux-gnu/libnsl-2.19.so
7f2c54101000-7f2c54300000 ---p 00017000 08:01 527993                     /lib/x86_64-linux-gnu/libnsl-2.19.so
7f2c54300000-7f2c54301000 r--p 00016000 08:01 527993                     /lib/x86_64-linux-gnu/libnsl-2.19.so
7f2c54301000-7f2c54302000 rw-p 00017000 08:01 527993                     /lib/x86_64-linux-gnu/libnsl-2.19.so
7f2c54302000-7f2c54304000 rw-p 00000000 00:00 0 
7f2c54304000-7f2c5430d000 r-xp 00000000 08:01 527995                     /lib/x86_64-linux-gnu/libnss_compat-2.19.so
7f2c5430d000-7f2c5450c000 ---p 00009000 08:01 527995                     /lib/x86_64-linux-gnu/libnss_compat-2.19.so
7f2c5450c000-7f2c5450d000 r--p 00008000 08:01 527995                     /lib/x86_64-linux-gnu/libnss_compat-2.19.so
7f2c5450d000-7f2c5450e000 rw-p 00009000 08:01 527995                     /lib/x86_64-linux-gnu/libnss_compat-2.19.so
7f2c5450e000-7f2c54538000 r-xp 00000000 08:01 1252841                    /usr/lib/jvm/java-8-oracle/jre/lib/amd64/libjava.so
7f2c54538000-7f2c54738000 ---p 0002a000 08:01 1252841                    /usr/lib/jvm/java-8-oracle/jre/lib/amd64/libjava.so
7f2c54738000-7f2c5473a000 rw-p 0002a000 08:01 1252841                    /usr/lib/jvm/java-8-oracle/jre/lib/amd64/libjava.so
7f2c5473a000-7f2c54747000 r-xp 00000000 08:01 1252870                    /usr/lib/jvm/java-8-oracle/jre/lib/amd64/libverify.so
7f2c54747000-7f2c54947000 ---p 0000d000 08:01 1252870                    /usr/lib/jvm/java-8-oracle/jre/lib/amd64/libverify.so
7f2c54947000-7f2c54949000 rw-p 0000d000 08:01 1252870                    /usr/lib/jvm/java-8-oracle/jre/lib/amd64/libverify.so
7f2c54949000-7f2c54950000 r-xp 00000000 08:01 528052                     /lib/x86_64-linux-gnu/librt-2.19.so
7f2c54950000-7f2c54b4f000 ---p 00007000 08:01 528052                     /lib/x86_64-linux-gnu/librt-2.19.so
7f2c54b4f000-7f2c54b50000 r--p 00006000 08:01 528052                     /lib/x86_64-linux-gnu/librt-2.19.so
7f2c54b50000-7f2c54b51000 rw-p 00007000 08:01 528052                     /lib/x86_64-linux-gnu/librt-2.19.so
7f2c54b51000-7f2c54c56000 r-xp 00000000 08:01 527973                     /lib/x86_64-linux-gnu/libm-2.19.so
7f2c54c56000-7f2c54e55000 ---p 00105000 08:01 527973                     /lib/x86_64-linux-gnu/libm-2.19.so
7f2c54e55000-7f2c54e56000 r--p 00104000 08:01 527973                     /lib/x86_64-linux-gnu/libm-2.19.so
7f2c54e56000-7f2c54e57000 rw-p 00105000 08:01 527973                     /lib/x86_64-linux-gnu/libm-2.19.so
7f2c54e57000-7f2c55b16000 r-xp 00000000 08:01 1252861                    /usr/lib/jvm/java-8-oracle/jre/lib/amd64/server/libjvm.so
7f2c55b16000-7f2c55d15000 ---p 00cbf000 08:01 1252861                    /usr/lib/jvm/java-8-oracle/jre/lib/amd64/server/libjvm.so
7f2c55d15000-7f2c55dee000 rw-p 00cbe000 08:01 1252861                    /usr/lib/jvm/java-8-oracle/jre/lib/amd64/server/libjvm.so
7f2c55dee000-7f2c55e37000 rw-p 00000000 00:00 0 
7f2c55e37000-7f2c55ff2000 r-xp 00000000 08:01 527923                     /lib/x86_64-linux-gnu/libc-2.19.so
7f2c55ff2000-7f2c561f1000 ---p 001bb000 08:01 527923                     /lib/x86_64-linux-gnu/libc-2.19.so
7f2c561f1000-7f2c561f5000 r--p 001ba000 08:01 527923                     /lib/x86_64-linux-gnu/libc-2.19.so
7f2c561f5000-7f2c561f7000 rw-p 001be000 08:01 527923                     /lib/x86_64-linux-gnu/libc-2.19.so
7f2c561f7000-7f2c561fc000 rw-p 00000000 00:00 0 
7f2c561fc000-7f2c561ff000 r-xp 00000000 08:01 527940                     /lib/x86_64-linux-gnu/libdl-2.19.so
7f2c561ff000-7f2c563fe000 ---p 00003000 08:01 527940                     /lib/x86_64-linux-gnu/libdl-2.19.so
7f2c563fe000-7f2c563ff000 r--p 00002000 08:01 527940                     /lib/x86_64-linux-gnu/libdl-2.19.so
7f2c563ff000-7f2c56400000 rw-p 00003000 08:01 527940                     /lib/x86_64-linux-gnu/libdl-2.19.so
7f2c56400000-7f2c56415000 r-xp 00000000 08:01 1252879                    /usr/lib/jvm/java-8-oracle/jre/lib/amd64/jli/libjli.so
7f2c56415000-7f2c56615000 ---p 00015000 08:01 1252879                    /usr/lib/jvm/java-8-oracle/jre/lib/amd64/jli/libjli.so
7f2c56615000-7f2c56616000 rw-p 00015000 08:01 1252879                    /usr/lib/jvm/java-8-oracle/jre/lib/amd64/jli/libjli.so
7f2c56616000-7f2c5662f000 r-xp 00000000 08:01 528044                     /lib/x86_64-linux-gnu/libpthread-2.19.so
7f2c5662f000-7f2c5682e000 ---p 00019000 08:01 528044                     /lib/x86_64-linux-gnu/libpthread-2.19.so
7f2c5682e000-7f2c5682f000 r--p 00018000 08:01 528044                     /lib/x86_64-linux-gnu/libpthread-2.19.so
7f2c5682f000-7f2c56830000 rw-p 00019000 08:01 528044                     /lib/x86_64-linux-gnu/libpthread-2.19.so
7f2c56830000-7f2c56834000 rw-p 00000000 00:00 0 
7f2c56834000-7f2c56857000 r-xp 00000000 08:01 527898                     /lib/x86_64-linux-gnu/ld-2.19.so
7f2c56926000-7f2c56929000 ---p 00000000 00:00 0 
7f2c56929000-7f2c56a2b000 rw-p 00000000 00:00 0                          [stack:3089]
7f2c56a47000-7f2c56a4a000 rw-p 00000000 00:00 0 
7f2c56a4a000-7f2c56a52000 rw-s 00000000 08:01 657715                     /tmp/hsperfdata_maanit/3068
7f2c56a52000-7f2c56a53000 rw-p 00000000 00:00 0 
7f2c56a53000-7f2c56a54000 r--p 00000000 00:00 0 
7f2c56a54000-7f2c56a56000 rw-p 00000000 00:00 0 
7f2c56a56000-7f2c56a57000 r--p 00022000 08:01 527898                     /lib/x86_64-linux-gnu/ld-2.19.so
7f2c56a57000-7f2c56a58000 rw-p 00023000 08:01 527898                     /lib/x86_64-linux-gnu/ld-2.19.so
7f2c56a58000-7f2c56a59000 rw-p 00000000 00:00 0 
7ffcd4dae000-7ffcd4dd0000 rw-p 00000000 00:00 0                          [stack]
7ffcd4dde000-7ffcd4de0000 r--p 00000000 00:00 0                          [vvar]
7ffcd4de0000-7ffcd4de2000 r-xp 00000000 00:00 0                          [vdso]
ffffffffff600000-ffffffffff601000 r-xp 00000000 00:00 0                  [vsyscall]

VM Arguments:
jvm_args: -Xms1g -Xmx1g 
java_command: org.apache.spark.deploy.SparkSubmit pyspark-shell
java_class_path (initial): /home/maanit/Documents/Columbia/Spring_2016/Bigdata/spark-1.6.0-bin-hadoop2.6/conf/:/home/maanit/Documents/Columbia/Spring_2016/Bigdata/spark-1.6.0-bin-hadoop2.6/lib/spark-assembly-1.6.0-hadoop2.6.0.jar:/home/maanit/Documents/Columbia/Spring_2016/Bigdata/spark-1.6.0-bin-hadoop2.6/lib/datanucleus-core-3.2.10.jar:/home/maanit/Documents/Columbia/Spring_2016/Bigdata/spark-1.6.0-bin-hadoop2.6/lib/datanucleus-api-jdo-3.2.6.jar:/home/maanit/Documents/Columbia/Spring_2016/Bigdata/spark-1.6.0-bin-hadoop2.6/lib/datanucleus-rdbms-3.2.9.jar
Launcher Type: SUN_STANDARD

Environment Variables:
PATH=/bin:/opt/ros/indigo/bin:/usr/local/sbin:/usr/local/bin:/usr/sbin:/usr/bin:/sbin:/bin:/usr/games:/usr/local/games:/home/maanit/Documents/Columbia/Spring_2016/Bigdata/spark-1.6.0-bin-hadoop2.6/bin:/opt/ros/indigo/bin:/usr/local/sbin:/usr/local/bin:/usr/sbin:/usr/bin:/sbin:/bin:/usr/games:/usr/local/games
USERNAME=maanit
LD_LIBRARY_PATH=/opt/ros/indigo/lib:/opt/ros/indigo/lib/x86_64-linux-gnu
SHELL=/bin/bash
DISPLAY=:0

Signal Handlers:
SIGSEGV: [libjvm.so+0xabb070], sa_mask[0]=11111111011111111101111111111110, sa_flags=SA_RESTART|SA_SIGINFO
SIGBUS: [libjvm.so+0xabb070], sa_mask[0]=11111111011111111101111111111110, sa_flags=SA_RESTART|SA_SIGINFO
SIGFPE: [libjvm.so+0x918480], sa_mask[0]=11111111011111111101111111111110, sa_flags=SA_RESTART|SA_SIGINFO
SIGPIPE: [libjvm.so+0x918480], sa_mask[0]=11111111011111111101111111111110, sa_flags=SA_RESTART|SA_SIGINFO
SIGXFSZ: [libjvm.so+0x918480], sa_mask[0]=11111111011111111101111111111110, sa_flags=SA_RESTART|SA_SIGINFO
SIGILL: [libjvm.so+0x918480], sa_mask[0]=11111111011111111101111111111110, sa_flags=SA_RESTART|SA_SIGINFO
SIGUSR1: SIG_DFL, sa_mask[0]=00000000000000000000000000000000, sa_flags=none
SIGUSR2: [libjvm.so+0x919ab0], sa_mask[0]=00000000000000000000000000000000, sa_flags=SA_RESTART|SA_SIGINFO
SIGHUP: SIG_DFL, sa_mask[0]=00000000000000000000000000000000, sa_flags=none
SIGINT: SIG_IGN, sa_mask[0]=00000000000000000000000000000000, sa_flags=none
SIGTERM: SIG_DFL, sa_mask[0]=00000000000000000000000000000000, sa_flags=none
SIGQUIT: SIG_DFL, sa_mask[0]=00000000000000000000000000000000, sa_flags=none


---------------  S Y S T E M  ---------------

OS:DISTRIB_ID=Ubuntu
DISTRIB_RELEASE=14.04
DISTRIB_CODENAME=trusty
DISTRIB_DESCRIPTION="Ubuntu 14.04.3 LTS"

uname:Linux 3.19.0-42-generic #48~14.04.1-Ubuntu SMP Fri Dec 18 10:24:49 UTC 2015 x86_64
libc:glibc 2.19 NPTL 2.19 
rlimit: STACK 8192k, CORE 0k, NPROC 3889, NOFILE 4096, AS infinity
load average:2.49 1.05 0.48

/proc/meminfo:
MemTotal:        1017044 kB
MemFree:           76944 kB
MemAvailable:      71364 kB
Buffers:            2584 kB
Cached:            74232 kB
SwapCached:        16776 kB
Active:           417536 kB
Inactive:         427004 kB
Active(anon):     378100 kB
Inactive(anon):   390100 kB
Active(file):      39436 kB
Inactive(file):    36904 kB
Unevictable:           0 kB
Mlocked:               0 kB
SwapTotal:       1046524 kB
SwapFree:         580304 kB
Dirty:               456 kB
Writeback:             0 kB
AnonPages:        765968 kB
Mapped:            42208 kB
Shmem:               404 kB
Slab:              44932 kB
SReclaimable:      25116 kB
SUnreclaim:        19816 kB
KernelStack:        8800 kB
PageTables:        28356 kB
NFS_Unstable:          0 kB
Bounce:                0 kB
WritebackTmp:          0 kB
CommitLimit:     1555044 kB
Committed_AS:    5852344 kB
VmallocTotal:   34359738367 kB
VmallocUsed:       23368 kB
VmallocChunk:   34359710472 kB
HardwareCorrupted:     0 kB
AnonHugePages:    319488 kB
CmaTotal:              0 kB
CmaFree:               0 kB
HugePages_Total:       0
HugePages_Free:        0
HugePages_Rsvd:        0
HugePages_Surp:        0
Hugepagesize:       2048 kB
DirectMap4k:       92096 kB
DirectMap2M:      956416 kB


CPU:total 1 (1 cores per cpu, 1 threads per core) family 6 model 37 stepping 5, cmov, cx8, fxsr, mmx, sse, sse2, sse3, ssse3, sse4.1, sse4.2, popcnt, tsc, tscinvbit

/proc/cpuinfo:
processor	: 0
vendor_id	: GenuineIntel
cpu family	: 6
model		: 37
model name	: Intel(R) Core(TM) i5 CPU       M 480  @ 2.67GHz
stepping	: 5
microcode	: 0x616
cpu MHz		: 2660.020
cache size	: 3072 KB
physical id	: 0
siblings	: 1
core id		: 0
cpu cores	: 1
apicid		: 0
initial apicid	: 0
fpu		: yes
fpu_exception	: yes
cpuid level	: 11
wp		: yes
flags		: fpu vme de pse tsc msr pae mce cx8 apic sep mtrr pge mca cmov pat pse36 clflush mmx fxsr sse sse2 syscall nx rdtscp lm constant_tsc rep_good nopl xtopology nonstop_tsc pni monitor ssse3 cx16 sse4_1 sse4_2 popcnt hypervisor lahf_lm
bugs		:
bogomips	: 5320.04
clflush size	: 64
cache_alignment	: 64
address sizes	: 36 bits physical, 48 bits virtual
power management:



Memory: 4k page, physical 1017044k(76944k free), swap 1046524k(580304k free)

vm_info: Java HotSpot(TM) 64-Bit Server VM (25.72-b15) for linux-amd64 JRE (1.8.0_72-b15), built on Dec 22 2015 22:00:07 by "java_re" with gcc 4.3.0 20080428 (Red Hat 4.3.0-8)

time: Fri Feb 19 19:06:27 2016
elapsed time: 0 seconds (0d 0h 0m 0s)

